<?xml version="1.0" encoding="UTF-8"?>
<!-- Generated by org.testng.reporters.JUnitXMLReporter -->
<testsuite ignored="0" hostname="QB-CLT-1378" failures="0" tests="2" name="Default test" time="5.852" errors="0" timestamp="2023-03-22T15:51:03 IST">
  <testcase classname="TestCase" name="Login_to_the_application_with_invalid_credentials_sauce51" time="1.524"/>
  <testcase classname="TestCase" name="Login_to_the_application_with_valid_credentials_sauce50" time="0.464"/>
</testsuite> <!-- Default test -->
