<?xml version="1.0" encoding="UTF-8"?>
<testng-results ignored="0" total="2" passed="2" failed="0" skipped="0">
  <reporter-output>
  </reporter-output>
  <suite started-at="2023-03-22T15:52:51 IST" name="SampleAutomationTest Suite" finished-at="2023-03-22T15:52:57 IST" duration-ms="6038">
    <groups>
    </groups>
    <test started-at="2023-03-22T15:52:51 IST" name="Login to the application with valid credentials sauce50" finished-at="2023-03-22T15:52:57 IST" duration-ms="6038">
      <class name="TestCase">
        <test-method is-config="true" signature="setUp()[pri:0, instance:TestCase@4b5d6a01]" started-at="2023-03-22T15:52:51 IST" name="setUp" finished-at="2023-03-22T15:52:54 IST" duration-ms="3206" status="PASS">
          <reporter-output>
          </reporter-output>
        </test-method> <!-- setUp -->
        <test-method signature="Login_to_the_application_with_invalid_credentials_sauce51()[pri:0, instance:TestCase@4b5d6a01]" started-at="2023-03-22T15:52:54 IST" name="Login_to_the_application_with_invalid_credentials_sauce51" finished-at="2023-03-22T15:52:55 IST" duration-ms="1583" status="PASS">
          <reporter-output>
          </reporter-output>
        </test-method> <!-- Login_to_the_application_with_invalid_credentials_sauce51 -->
        <test-method signature="Login_to_the_application_with_valid_credentials_sauce50()[pri:0, instance:TestCase@4b5d6a01]" started-at="2023-03-22T15:52:56 IST" name="Login_to_the_application_with_valid_credentials_sauce50" finished-at="2023-03-22T15:52:56 IST" duration-ms="409" status="PASS">
          <reporter-output>
          </reporter-output>
        </test-method> <!-- Login_to_the_application_with_valid_credentials_sauce50 -->
        <test-method is-config="true" signature="tearDown()[pri:0, instance:TestCase@4b5d6a01]" started-at="2023-03-22T15:52:56 IST" name="tearDown" finished-at="2023-03-22T15:52:57 IST" duration-ms="801" status="PASS">
          <reporter-output>
          </reporter-output>
        </test-method> <!-- tearDown -->
      </class> <!-- TestCase -->
    </test> <!-- Login to the application with valid credentials sauce50 -->
  </suite> <!-- SampleAutomationTest Suite -->
</testng-results>
